{"C:\\Users\\Alexey\\Desktop\\React Demo App\\shop-web\\src\\features\\auth\\model\\auth-slice.ts": {"path":"C:\\Users\\Alexey\\Desktop\\React Demo App\\shop-web\\src\\features\\auth\\model\\auth-slice.ts","statementMap":{"0":{"start":{"line":1,"column":0},"end":{"line":1,"column":67}},"1":{"start":{"line":10,"column":13},"end":{"line":14,"column":2}},"2":{"start":{"line":21,"column":18},"end":{"line":36,"column":2}},"3":{"start":{"line":26,"column":6},"end":{"line":26,"column":39}},"4":{"start":{"line":27,"column":6},"end":{"line":27,"column":41}},"5":{"start":{"line":28,"column":6},"end":{"line":28,"column":35}},"6":{"start":{"line":31,"column":6},"end":{"line":31,"column":24}},"7":{"start":{"line":32,"column":6},"end":{"line":32,"column":25}},"8":{"start":{"line":33,"column":6},"end":{"line":33,"column":36}},"9":{"start":{"line":38,"column":13},"end":{"line":38,"column":33}},"10":{"start":{"line":39,"column":13},"end":{"line":39,"column":45}}},"fnMap":{"0":{"name":"(anonymous_0)","decl":{"start":{"line":25,"column":4},"end":{"line":25,"column":9}},"loc":{"start":{"line":25,"column":52},"end":{"line":29,"column":5}}},"1":{"name":"(anonymous_1)","decl":{"start":{"line":30,"column":4},"end":{"line":30,"column":10}},"loc":{"start":{"line":30,"column":16},"end":{"line":34,"column":5}}}},"branchMap":{},"s":{"0":2,"1":2,"2":2,"3":2,"4":2,"5":2,"6":1,"7":1,"8":1,"9":2,"10":2},"f":{"0":2,"1":1},"b":{}}
,"C:\\Users\\Alexey\\Desktop\\React Demo App\\shop-web\\src\\features\\auth\\model\\auth-storage.ts": {"path":"C:\\Users\\Alexey\\Desktop\\React Demo App\\shop-web\\src\\features\\auth\\model\\auth-storage.ts","statementMap":{"0":{"start":{"line":18,"column":0},"end":{"line":18,"column":16}},"1":{"start":{"line":42,"column":0},"end":{"line":42,"column":16}},"2":{"start":{"line":1,"column":0},"end":{"line":1,"column":24}},"3":{"start":{"line":2,"column":0},"end":{"line":2,"column":64}},"4":{"start":{"line":4,"column":25},"end":{"line":4,"column":40}},"5":{"start":{"line":6,"column":28},"end":{"line":16,"column":2}},"6":{"start":{"line":19,"column":2},"end":{"line":21,"column":3}},"7":{"start":{"line":20,"column":4},"end":{"line":20,"column":28}},"8":{"start":{"line":23,"column":19},"end":{"line":23,"column":64}},"9":{"start":{"line":24,"column":2},"end":{"line":26,"column":3}},"10":{"start":{"line":25,"column":4},"end":{"line":25,"column":28}},"11":{"start":{"line":28,"column":2},"end":{"line":39,"column":3}},"12":{"start":{"line":29,"column":24},"end":{"line":29,"column":44}},"13":{"start":{"line":30,"column":19},"end":{"line":30,"column":61}},"14":{"start":{"line":32,"column":4},"end":{"line":34,"column":5}},"15":{"start":{"line":33,"column":6},"end":{"line":33,"column":30}},"16":{"start":{"line":36,"column":4},"end":{"line":36,"column":23}},"17":{"start":{"line":38,"column":4},"end":{"line":38,"column":28}},"18":{"start":{"line":43,"column":2},"end":{"line":45,"column":3}},"19":{"start":{"line":44,"column":4},"end":{"line":44,"column":11}},"20":{"start":{"line":47,"column":2},"end":{"line":47,"column":75}}},"fnMap":{"0":{"name":"loadAuthState","decl":{"start":{"line":18,"column":16},"end":{"line":18,"column":29}},"loc":{"start":{"line":18,"column":29},"end":{"line":40,"column":1}}},"1":{"name":"saveAuthState","decl":{"start":{"line":42,"column":16},"end":{"line":42,"column":29}},"loc":{"start":{"line":42,"column":50},"end":{"line":48,"column":1}}}},"branchMap":{"0":{"loc":{"start":{"line":19,"column":2},"end":{"line":21,"column":3}},"type":"if","locations":[{"start":{"line":19,"column":2},"end":{"line":21,"column":3}}]},"1":{"loc":{"start":{"line":24,"column":2},"end":{"line":26,"column":3}},"type":"if","locations":[{"start":{"line":24,"column":2},"end":{"line":26,"column":3}}]},"2":{"loc":{"start":{"line":32,"column":4},"end":{"line":34,"column":5}},"type":"if","locations":[{"start":{"line":32,"column":4},"end":{"line":34,"column":5}}]},"3":{"loc":{"start":{"line":43,"column":2},"end":{"line":45,"column":3}},"type":"if","locations":[{"start":{"line":43,"column":2},"end":{"line":45,"column":3}}]}},"s":{"0":1,"1":1,"2":1,"3":1,"4":1,"5":1,"6":3,"7":0,"8":3,"9":3,"10":1,"11":2,"12":2,"13":2,"14":2,"15":1,"16":1,"17":0,"18":1,"19":0,"20":1},"f":{"0":3,"1":1},"b":{"0":[0],"1":[1],"2":[1],"3":[0]}}
,"C:\\Users\\Alexey\\Desktop\\React Demo App\\shop-web\\src\\features\\auth\\model\\login-schema.ts": {"path":"C:\\Users\\Alexey\\Desktop\\React Demo App\\shop-web\\src\\features\\auth\\model\\login-schema.ts","statementMap":{"0":{"start":{"line":1,"column":0},"end":{"line":1,"column":24}},"1":{"start":{"line":3,"column":13},"end":{"line":8,"column":3}}},"fnMap":{},"branchMap":{},"s":{"0":1,"1":1},"f":{},"b":{}}
,"C:\\Users\\Alexey\\Desktop\\React Demo App\\shop-web\\src\\features\\cart\\model\\cart-slice.ts": {"path":"C:\\Users\\Alexey\\Desktop\\React Demo App\\shop-web\\src\\features\\cart\\model\\cart-slice.ts","statementMap":{"0":{"start":{"line":1,"column":0},"end":{"line":1,"column":67}},"1":{"start":{"line":9,"column":13},"end":{"line":11,"column":2}},"2":{"start":{"line":13,"column":18},"end":{"line":62,"column":2}},"3":{"start":{"line":18,"column":23},"end":{"line":19,"column":null}},"4":{"start":{"line":19,"column":18},"end":{"line":19,"column":54}},"5":{"start":{"line":22,"column":6},"end":{"line":25,"column":7}},"6":{"start":{"line":23,"column":8},"end":{"line":23,"column":31}},"7":{"start":{"line":24,"column":8},"end":{"line":24,"column":15}},"8":{"start":{"line":27,"column":6},"end":{"line":33,"column":9}},"9":{"start":{"line":36,"column":6},"end":{"line":38,"column":8}},"10":{"start":{"line":37,"column":18},"end":{"line":37,"column":51}},"11":{"start":{"line":44,"column":19},"end":{"line":45,"column":null}},"12":{"start":{"line":45,"column":22},"end":{"line":45,"column":69}},"13":{"start":{"line":47,"column":6},"end":{"line":47,"column":24}},"14":{"start":{"line":47,"column":17},"end":{"line":47,"column":24}},"15":{"start":{"line":49,"column":6},"end":{"line":54,"column":7}},"16":{"start":{"line":50,"column":8},"end":{"line":52,"column":10}},"17":{"start":{"line":51,"column":24},"end":{"line":51,"column":71}},"18":{"start":{"line":53,"column":8},"end":{"line":53,"column":15}},"19":{"start":{"line":56,"column":6},"end":{"line":56,"column":46}},"20":{"start":{"line":59,"column":6},"end":{"line":59,"column":23}},"21":{"start":{"line":64,"column":13},"end":{"line":64,"column":null}},"22":{"start":{"line":66,"column":13},"end":{"line":66,"column":45}}},"fnMap":{"0":{"name":"(anonymous_0)","decl":{"start":{"line":17,"column":4},"end":{"line":17,"column":11}},"loc":{"start":{"line":17,"column":49},"end":{"line":34,"column":5}}},"1":{"name":"(anonymous_1)","decl":{"start":{"line":19,"column":8},"end":{"line":19,"column":9}},"loc":{"start":{"line":19,"column":18},"end":{"line":19,"column":54}}},"2":{"name":"(anonymous_2)","decl":{"start":{"line":35,"column":4},"end":{"line":35,"column":14}},"loc":{"start":{"line":35,"column":51},"end":{"line":39,"column":5}}},"3":{"name":"(anonymous_3)","decl":{"start":{"line":37,"column":8},"end":{"line":37,"column":9}},"loc":{"start":{"line":37,"column":18},"end":{"line":37,"column":51}}},"4":{"name":"(anonymous_4)","decl":{"start":{"line":40,"column":4},"end":{"line":40,"column":15}},"loc":{"start":{"line":42,"column":68},"end":{"line":57,"column":5}}},"5":{"name":"(anonymous_5)","decl":{"start":{"line":45,"column":8},"end":{"line":45,"column":9}},"loc":{"start":{"line":45,"column":22},"end":{"line":45,"column":69}}},"6":{"name":"(anonymous_6)","decl":{"start":{"line":51,"column":10},"end":{"line":51,"column":11}},"loc":{"start":{"line":51,"column":24},"end":{"line":51,"column":71}}},"7":{"name":"(anonymous_7)","decl":{"start":{"line":58,"column":4},"end":{"line":58,"column":13}},"loc":{"start":{"line":58,"column":19},"end":{"line":60,"column":5}}}},"branchMap":{"0":{"loc":{"start":{"line":22,"column":6},"end":{"line":25,"column":7}},"type":"if","locations":[{"start":{"line":22,"column":6},"end":{"line":25,"column":7}}]},"1":{"loc":{"start":{"line":47,"column":6},"end":{"line":47,"column":24}},"type":"if","locations":[{"start":{"line":47,"column":6},"end":{"line":47,"column":24}}]},"2":{"loc":{"start":{"line":49,"column":6},"end":{"line":54,"column":7}},"type":"if","locations":[{"start":{"line":49,"column":6},"end":{"line":54,"column":7}}]}},"s":{"0":2,"1":2,"2":2,"3":8,"4":2,"5":8,"6":1,"7":1,"8":7,"9":1,"10":1,"11":2,"12":2,"13":2,"14":0,"15":2,"16":1,"17":1,"18":1,"19":1,"20":1,"21":2,"22":2},"f":{"0":8,"1":2,"2":1,"3":1,"4":2,"5":2,"6":1,"7":1},"b":{"0":[1],"1":[0],"2":[1]}}
,"C:\\Users\\Alexey\\Desktop\\React Demo App\\shop-web\\src\\features\\cart\\model\\cart-storage.ts": {"path":"C:\\Users\\Alexey\\Desktop\\React Demo App\\shop-web\\src\\features\\cart\\model\\cart-storage.ts","statementMap":{"0":{"start":{"line":18,"column":0},"end":{"line":18,"column":16}},"1":{"start":{"line":33,"column":0},"end":{"line":33,"column":16}},"2":{"start":{"line":1,"column":0},"end":{"line":1,"column":24}},"3":{"start":{"line":2,"column":0},"end":{"line":2,"column":64}},"4":{"start":{"line":4,"column":25},"end":{"line":4,"column":40}},"5":{"start":{"line":6,"column":19},"end":{"line":16,"column":2}},"6":{"start":{"line":19,"column":2},"end":{"line":19,"column":61}},"7":{"start":{"line":19,"column":37},"end":{"line":19,"column":61}},"8":{"start":{"line":21,"column":14},"end":{"line":21,"column":59}},"9":{"start":{"line":22,"column":2},"end":{"line":22,"column":36}},"10":{"start":{"line":22,"column":12},"end":{"line":22,"column":36}},"11":{"start":{"line":24,"column":2},"end":{"line":30,"column":3}},"12":{"start":{"line":25,"column":19},"end":{"line":25,"column":34}},"13":{"start":{"line":26,"column":19},"end":{"line":26,"column":47}},"14":{"start":{"line":27,"column":4},"end":{"line":27,"column":59}},"15":{"start":{"line":29,"column":4},"end":{"line":29,"column":28}},"16":{"start":{"line":34,"column":2},"end":{"line":34,"column":44}},"17":{"start":{"line":34,"column":37},"end":{"line":34,"column":44}},"18":{"start":{"line":35,"column":2},"end":{"line":35,"column":71}}},"fnMap":{"0":{"name":"loadCartState","decl":{"start":{"line":18,"column":16},"end":{"line":18,"column":29}},"loc":{"start":{"line":18,"column":29},"end":{"line":31,"column":1}}},"1":{"name":"saveCartState","decl":{"start":{"line":33,"column":16},"end":{"line":33,"column":29}},"loc":{"start":{"line":33,"column":46},"end":{"line":36,"column":1}}}},"branchMap":{"0":{"loc":{"start":{"line":19,"column":2},"end":{"line":19,"column":61}},"type":"if","locations":[{"start":{"line":19,"column":2},"end":{"line":19,"column":61}}]},"1":{"loc":{"start":{"line":22,"column":2},"end":{"line":22,"column":36}},"type":"if","locations":[{"start":{"line":22,"column":2},"end":{"line":22,"column":36}}]},"2":{"loc":{"start":{"line":27,"column":11},"end":{"line":27,"column":58}},"type":"cond-expr","locations":[{"start":{"line":27,"column":28},"end":{"line":27,"column":39}},{"start":{"line":27,"column":42},"end":{"line":27,"column":58}}]},"3":{"loc":{"start":{"line":34,"column":2},"end":{"line":34,"column":44}},"type":"if","locations":[{"start":{"line":34,"column":2},"end":{"line":34,"column":44}}]}},"s":{"0":1,"1":1,"2":1,"3":1,"4":1,"5":1,"6":3,"7":0,"8":3,"9":3,"10":1,"11":2,"12":2,"13":2,"14":2,"15":0,"16":1,"17":0,"18":1},"f":{"0":3,"1":1},"b":{"0":[0],"1":[1],"2":[1,1],"3":[0]}}
,"C:\\Users\\Alexey\\Desktop\\React Demo App\\shop-web\\src\\features\\cart\\model\\selectors.ts": {"path":"C:\\Users\\Alexey\\Desktop\\React Demo App\\shop-web\\src\\features\\cart\\model\\selectors.ts","statementMap":{"0":{"start":{"line":1,"column":0},"end":{"line":1,"column":50}},"1":{"start":{"line":4,"column":31},"end":{"line":4,"column":63}},"2":{"start":{"line":4,"column":53},"end":{"line":4,"column":63}},"3":{"start":{"line":4,"column":13},"end":{"line":4,"column":31}},"4":{"start":{"line":5,"column":31},"end":{"line":5,"column":69}},"5":{"start":{"line":5,"column":53},"end":{"line":5,"column":69}},"6":{"start":{"line":5,"column":13},"end":{"line":5,"column":31}},"7":{"start":{"line":7,"column":13},"end":{"line":9,"column":2}},"8":{"start":{"line":8,"column":2},"end":{"line":8,"column":53}},"9":{"start":{"line":8,"column":30},"end":{"line":8,"column":49}},"10":{"start":{"line":11,"column":13},"end":{"line":13,"column":2}},"11":{"start":{"line":12,"column":2},"end":{"line":12,"column":66}},"12":{"start":{"line":12,"column":30},"end":{"line":12,"column":62}}},"fnMap":{"0":{"name":"(anonymous_0)","decl":{"start":{"line":4,"column":31},"end":{"line":4,"column":32}},"loc":{"start":{"line":4,"column":53},"end":{"line":4,"column":63}}},"1":{"name":"(anonymous_1)","decl":{"start":{"line":5,"column":31},"end":{"line":5,"column":32}},"loc":{"start":{"line":5,"column":53},"end":{"line":5,"column":69}}},"2":{"name":"(anonymous_2)","decl":{"start":{"line":7,"column":70},"end":{"line":7,"column":71}},"loc":{"start":{"line":8,"column":2},"end":{"line":8,"column":53}}},"3":{"name":"(anonymous_3)","decl":{"start":{"line":8,"column":15},"end":{"line":8,"column":16}},"loc":{"start":{"line":8,"column":30},"end":{"line":8,"column":49}}},"4":{"name":"(anonymous_4)","decl":{"start":{"line":11,"column":70},"end":{"line":11,"column":71}},"loc":{"start":{"line":12,"column":2},"end":{"line":12,"column":66}}},"5":{"name":"(anonymous_5)","decl":{"start":{"line":12,"column":15},"end":{"line":12,"column":16}},"loc":{"start":{"line":12,"column":30},"end":{"line":12,"column":62}}}},"branchMap":{},"s":{"0":1,"1":1,"2":0,"3":1,"4":1,"5":5,"6":1,"7":1,"8":1,"9":2,"10":1,"11":1,"12":2},"f":{"0":0,"1":5,"2":1,"3":2,"4":1,"5":2},"b":{}}
,"C:\\Users\\Alexey\\Desktop\\React Demo App\\shop-web\\src\\features\\checkout\\model\\checkout-schema.ts": {"path":"C:\\Users\\Alexey\\Desktop\\React Demo App\\shop-web\\src\\features\\checkout\\model\\checkout-schema.ts","statementMap":{"0":{"start":{"line":1,"column":0},"end":{"line":1,"column":24}},"1":{"start":{"line":3,"column":13},"end":{"line":11,"column":3}}},"fnMap":{},"branchMap":{},"s":{"0":1,"1":1},"f":{},"b":{}}
,"C:\\Users\\Alexey\\Desktop\\React Demo App\\shop-web\\src\\features\\products\\model\\use-product-filters.ts": {"path":"C:\\Users\\Alexey\\Desktop\\React Demo App\\shop-web\\src\\features\\products\\model\\use-product-filters.ts","statementMap":{"0":{"start":{"line":5,"column":0},"end":{"line":5,"column":16}},"1":{"start":{"line":1,"column":0},"end":{"line":1,"column":32}},"2":{"start":{"line":2,"column":0},"end":{"line":2,"column":51}},"3":{"start":{"line":6,"column":42},"end":{"line":6,"column":59}},"4":{"start":{"line":8,"column":18},"end":{"line":18,"column":20}},"5":{"start":{"line":9,"column":17},"end":{"line":9,"column":54}},"6":{"start":{"line":10,"column":18},"end":{"line":10,"column":56}},"7":{"start":{"line":12,"column":4},"end":{"line":17,"column":6}},"8":{"start":{"line":20,"column":21},"end":{"line":30,"column":3}},"9":{"start":{"line":21,"column":35},"end":{"line":21,"column":58}},"10":{"start":{"line":23,"column":19},"end":{"line":23,"column":40}},"11":{"start":{"line":24,"column":4},"end":{"line":24,"column":58}},"12":{"start":{"line":24,"column":25},"end":{"line":24,"column":58}},"13":{"start":{"line":25,"column":4},"end":{"line":25,"column":79}},"14":{"start":{"line":25,"column":32},"end":{"line":25,"column":79}},"15":{"start":{"line":26,"column":4},"end":{"line":26,"column":44}},"16":{"start":{"line":27,"column":4},"end":{"line":27,"column":46}},"17":{"start":{"line":29,"column":4},"end":{"line":29,"column":47}},"18":{"start":{"line":32,"column":23},"end":{"line":35,"column":null}},"19":{"start":{"line":33,"column":4},"end":{"line":35,"column":null}},"20":{"start":{"line":38,"column":2},"end":{"line":38,"column":47}}},"fnMap":{"0":{"name":"useProductFilters","decl":{"start":{"line":5,"column":16},"end":{"line":5,"column":33}},"loc":{"start":{"line":5,"column":33},"end":{"line":39,"column":1}}},"1":{"name":"(anonymous_1)","decl":{"start":{"line":8,"column":42},"end":{"line":8,"column":45}},"loc":{"start":{"line":8,"column":47},"end":{"line":18,"column":3}}},"2":{"name":"(anonymous_2)","decl":{"start":{"line":20,"column":21},"end":{"line":20,"column":22}},"loc":{"start":{"line":20,"column":55},"end":{"line":30,"column":3}}},"3":{"name":"(anonymous_3)","decl":{"start":{"line":32,"column":23},"end":{"line":32,"column":26}},"loc":{"start":{"line":33,"column":4},"end":{"line":35,"column":null}}}},"branchMap":{"0":{"loc":{"start":{"line":9,"column":24},"end":{"line":9,"column":53}},"type":"binary-expr","locations":[{"start":{"line":9,"column":24},"end":{"line":9,"column":48}},{"start":{"line":9,"column":52},"end":{"line":9,"column":53}}]},"1":{"loc":{"start":{"line":10,"column":25},"end":{"line":10,"column":55}},"type":"binary-expr","locations":[{"start":{"line":10,"column":25},"end":{"line":10,"column":50}},{"start":{"line":10,"column":54},"end":{"line":10,"column":55}}]},"2":{"loc":{"start":{"line":13,"column":9},"end":{"line":13,"column":36}},"type":"binary-expr","locations":[{"start":{"line":13,"column":9},"end":{"line":13,"column":30}},{"start":{"line":13,"column":34},"end":{"line":13,"column":36}}]},"3":{"loc":{"start":{"line":14,"column":16},"end":{"line":14,"column":50}},"type":"binary-expr","locations":[{"start":{"line":14,"column":16},"end":{"line":14,"column":44}},{"start":{"line":14,"column":48},"end":{"line":14,"column":50}}]},"4":{"loc":{"start":{"line":15,"column":12},"end":{"line":15,"column":68}},"type":"cond-expr","locations":[{"start":{"line":15,"column":48},"end":{"line":15,"column":64}},{"start":{"line":15,"column":67},"end":{"line":15,"column":68}}]},"5":{"loc":{"start":{"line":15,"column":12},"end":{"line":15,"column":45}},"type":"binary-expr","locations":[{"start":{"line":15,"column":12},"end":{"line":15,"column":33}},{"start":{"line":15,"column":37},"end":{"line":15,"column":45}}]},"6":{"loc":{"start":{"line":16,"column":13},"end":{"line":16,"column":72}},"type":"cond-expr","locations":[{"start":{"line":16,"column":51},"end":{"line":16,"column":68}},{"start":{"line":16,"column":71},"end":{"line":16,"column":72}}]},"7":{"loc":{"start":{"line":16,"column":13},"end":{"line":16,"column":48}},"type":"binary-expr","locations":[{"start":{"line":16,"column":13},"end":{"line":16,"column":35}},{"start":{"line":16,"column":39},"end":{"line":16,"column":48}}]},"8":{"loc":{"start":{"line":24,"column":4},"end":{"line":24,"column":58}},"type":"if","locations":[{"start":{"line":24,"column":4},"end":{"line":24,"column":58}}]},"9":{"loc":{"start":{"line":25,"column":4},"end":{"line":25,"column":79}},"type":"if","locations":[{"start":{"line":25,"column":4},"end":{"line":25,"column":79}}]}},"s":{"0":1,"1":1,"2":1,"3":5,"4":5,"5":5,"6":5,"7":5,"8":5,"9":1,"10":1,"11":1,"12":1,"13":1,"14":1,"15":1,"16":1,"17":1,"18":5,"19":1,"20":5},"f":{"0":5,"1":5,"2":1,"3":1},"b":{"0":[5,1],"1":[5,1],"2":[5,2],"3":[5,2],"4":[5,0],"5":[5,5],"6":[5,0],"7":[5,5],"8":[1],"9":[1]}}
,"C:\\Users\\Alexey\\Desktop\\React Demo App\\shop-web\\src\\shared\\api\\auth-token.ts": {"path":"C:\\Users\\Alexey\\Desktop\\React Demo App\\shop-web\\src\\shared\\api\\auth-token.ts","statementMap":{"0":{"start":{"line":3,"column":0},"end":{"line":3,"column":16}},"1":{"start":{"line":7,"column":0},"end":{"line":7,"column":16}},"2":{"start":{"line":1,"column":33},"end":{"line":1,"column":37}},"3":{"start":{"line":4,"column":2},"end":{"line":4,"column":22}},"4":{"start":{"line":8,"column":2},"end":{"line":8,"column":21}}},"fnMap":{"0":{"name":"setAccessToken","decl":{"start":{"line":3,"column":16},"end":{"line":3,"column":30}},"loc":{"start":{"line":3,"column":51},"end":{"line":5,"column":1}}},"1":{"name":"getAccessToken","decl":{"start":{"line":7,"column":16},"end":{"line":7,"column":30}},"loc":{"start":{"line":7,"column":30},"end":{"line":9,"column":1}}}},"branchMap":{},"s":{"0":1,"1":1,"2":1,"3":5,"4":2},"f":{"0":5,"1":2},"b":{}}
,"C:\\Users\\Alexey\\Desktop\\React Demo App\\shop-web\\src\\shared\\theme\\theme.ts": {"path":"C:\\Users\\Alexey\\Desktop\\React Demo App\\shop-web\\src\\shared\\theme\\theme.ts","statementMap":{"0":{"start":{"line":5,"column":0},"end":{"line":5,"column":16}},"1":{"start":{"line":11,"column":0},"end":{"line":11,"column":16}},"2":{"start":{"line":15,"column":0},"end":{"line":15,"column":16}},"3":{"start":{"line":24,"column":0},"end":{"line":24,"column":16}},"4":{"start":{"line":3,"column":26},"end":{"line":3,"column":42}},"5":{"start":{"line":6,"column":14},"end":{"line":6,"column":60}},"6":{"start":{"line":7,"column":2},"end":{"line":7,"column":72}},"7":{"start":{"line":7,"column":61},"end":{"line":7,"column":72}},"8":{"start":{"line":8,"column":2},"end":{"line":8,"column":18}},"9":{"start":{"line":12,"column":2},"end":{"line":12,"column":55}},"10":{"start":{"line":16,"column":2},"end":{"line":20,"column":3}},"11":{"start":{"line":17,"column":4},"end":{"line":19,"column":16}},"12":{"start":{"line":21,"column":2},"end":{"line":21,"column":14}},"13":{"start":{"line":25,"column":19},"end":{"line":25,"column":37}},"14":{"start":{"line":26,"column":2},"end":{"line":26,"column":73}}},"fnMap":{"0":{"name":"getStoredTheme","decl":{"start":{"line":5,"column":16},"end":{"line":5,"column":30}},"loc":{"start":{"line":5,"column":30},"end":{"line":9,"column":1}}},"1":{"name":"setStoredTheme","decl":{"start":{"line":11,"column":16},"end":{"line":11,"column":30}},"loc":{"start":{"line":11,"column":46},"end":{"line":13,"column":1}}},"2":{"name":"resolveTheme","decl":{"start":{"line":15,"column":16},"end":{"line":15,"column":28}},"loc":{"start":{"line":15,"column":44},"end":{"line":22,"column":1}}},"3":{"name":"applyTheme","decl":{"start":{"line":24,"column":16},"end":{"line":24,"column":26}},"loc":{"start":{"line":24,"column":42},"end":{"line":27,"column":1}}}},"branchMap":{"0":{"loc":{"start":{"line":7,"column":2},"end":{"line":7,"column":72}},"type":"if","locations":[{"start":{"line":7,"column":2},"end":{"line":7,"column":72}}]},"1":{"loc":{"start":{"line":7,"column":6},"end":{"line":7,"column":59}},"type":"binary-expr","locations":[{"start":{"line":7,"column":6},"end":{"line":7,"column":21}},{"start":{"line":7,"column":25},"end":{"line":7,"column":39}},{"start":{"line":7,"column":43},"end":{"line":7,"column":59}}]},"2":{"loc":{"start":{"line":16,"column":2},"end":{"line":20,"column":3}},"type":"if","locations":[{"start":{"line":16,"column":2},"end":{"line":20,"column":3}}]},"3":{"loc":{"start":{"line":17,"column":11},"end":{"line":19,"column":15}},"type":"cond-expr","locations":[{"start":{"line":18,"column":8},"end":{"line":18,"column":14}},{"start":{"line":19,"column":8},"end":{"line":19,"column":15}}]}},"s":{"0":1,"1":1,"2":1,"3":1,"4":1,"5":2,"6":2,"7":1,"8":1,"9":1,"10":4,"11":0,"12":4,"13":2,"14":2},"f":{"0":2,"1":1,"2":4,"3":2},"b":{"0":[1],"1":[2,2,1],"2":[0],"3":[0,0]}}
}
