TN:
SF:src\features\auth\model\auth-slice.ts
FN:25,(anonymous_0)
FN:30,(anonymous_1)
FNF:2
FNH:2
FNDA:2,(anonymous_0)
FNDA:1,(anonymous_1)
DA:1,2
DA:10,2
DA:21,2
DA:26,2
DA:27,2
DA:28,2
DA:31,1
DA:32,1
DA:33,1
DA:38,2
DA:39,2
LF:11
LH:11
BRF:0
BRH:0
end_of_record
TN:
SF:src\features\auth\model\auth-storage.ts
FN:18,loadAuthState
FN:42,saveAuthState
FNF:2
FNH:2
FNDA:3,loadAuthState
FNDA:1,saveAuthState
DA:1,1
DA:2,1
DA:4,1
DA:6,1
DA:18,1
DA:19,3
DA:20,0
DA:23,3
DA:24,3
DA:25,1
DA:28,2
DA:29,2
DA:30,2
DA:32,2
DA:33,1
DA:36,1
DA:38,0
DA:42,1
DA:43,1
DA:44,0
DA:47,1
LF:21
LH:18
BRDA:19,0,0,0
BRDA:24,1,0,1
BRDA:32,2,0,1
BRDA:43,3,0,0
BRF:4
BRH:2
end_of_record
TN:
SF:src\features\auth\model\login-schema.ts
FNF:0
FNH:0
DA:1,1
DA:3,1
LF:2
LH:2
BRF:0
BRH:0
end_of_record
TN:
SF:src\features\cart\model\cart-slice.ts
FN:17,(anonymous_0)
FN:19,(anonymous_1)
FN:35,(anonymous_2)
FN:37,(anonymous_3)
FN:40,(anonymous_4)
FN:45,(anonymous_5)
FN:51,(anonymous_6)
FN:58,(anonymous_7)
FNF:8
FNH:8
FNDA:8,(anonymous_0)
FNDA:2,(anonymous_1)
FNDA:1,(anonymous_2)
FNDA:1,(anonymous_3)
FNDA:2,(anonymous_4)
FNDA:2,(anonymous_5)
FNDA:1,(anonymous_6)
FNDA:1,(anonymous_7)
DA:1,2
DA:9,2
DA:13,2
DA:18,8
DA:19,2
DA:22,8
DA:23,1
DA:24,1
DA:27,7
DA:36,1
DA:37,1
DA:44,2
DA:45,2
DA:47,2
DA:49,2
DA:50,1
DA:51,1
DA:53,1
DA:56,1
DA:59,1
DA:64,2
DA:66,2
LF:22
LH:22
BRDA:22,0,0,1
BRDA:47,1,0,0
BRDA:49,2,0,1
BRF:3
BRH:2
end_of_record
TN:
SF:src\features\cart\model\cart-storage.ts
FN:18,loadCartState
FN:33,saveCartState
FNF:2
FNH:2
FNDA:3,loadCartState
FNDA:1,saveCartState
DA:1,1
DA:2,1
DA:4,1
DA:6,1
DA:18,1
DA:19,3
DA:21,3
DA:22,3
DA:24,2
DA:25,2
DA:26,2
DA:27,2
DA:29,0
DA:33,1
DA:34,1
DA:35,1
LF:16
LH:15
BRDA:19,0,0,0
BRDA:22,1,0,1
BRDA:27,2,0,1
BRDA:27,2,1,1
BRDA:34,3,0,0
BRF:5
BRH:3
end_of_record
TN:
SF:src\features\cart\model\selectors.ts
FN:4,(anonymous_0)
FN:5,(anonymous_1)
FN:7,(anonymous_2)
FN:8,(anonymous_3)
FN:11,(anonymous_4)
FN:12,(anonymous_5)
FNF:6
FNH:5
FNDA:0,(anonymous_0)
FNDA:5,(anonymous_1)
FNDA:1,(anonymous_2)
FNDA:2,(anonymous_3)
FNDA:1,(anonymous_4)
FNDA:2,(anonymous_5)
DA:1,1
DA:4,1
DA:5,5
DA:7,1
DA:8,2
DA:11,1
DA:12,2
LF:7
LH:7
BRF:0
BRH:0
end_of_record
TN:
SF:src\features\checkout\model\checkout-schema.ts
FNF:0
FNH:0
DA:1,1
DA:3,1
LF:2
LH:2
BRF:0
BRH:0
end_of_record
TN:
SF:src\features\products\model\use-product-filters.ts
FN:5,useProductFilters
FN:8,(anonymous_1)
FN:20,(anonymous_2)
FN:32,(anonymous_3)
FNF:4
FNH:4
FNDA:5,useProductFilters
FNDA:5,(anonymous_1)
FNDA:1,(anonymous_2)
FNDA:1,(anonymous_3)
DA:1,1
DA:2,1
DA:5,1
DA:6,5
DA:8,5
DA:9,5
DA:10,5
DA:12,5
DA:20,5
DA:21,1
DA:23,1
DA:24,1
DA:25,1
DA:26,1
DA:27,1
DA:29,1
DA:32,5
DA:33,1
DA:38,5
LF:19
LH:19
BRDA:9,0,0,5
BRDA:9,0,1,1
BRDA:10,1,0,5
BRDA:10,1,1,1
BRDA:13,2,0,5
BRDA:13,2,1,2
BRDA:14,3,0,5
BRDA:14,3,1,2
BRDA:15,4,0,5
BRDA:15,4,1,0
BRDA:15,5,0,5
BRDA:15,5,1,5
BRDA:16,6,0,5
BRDA:16,6,1,0
BRDA:16,7,0,5
BRDA:16,7,1,5
BRDA:24,8,0,1
BRDA:25,9,0,1
BRF:18
BRH:16
end_of_record
TN:
SF:src\shared\api\auth-token.ts
FN:3,setAccessToken
FN:7,getAccessToken
FNF:2
FNH:2
FNDA:5,setAccessToken
FNDA:2,getAccessToken
DA:1,1
DA:3,1
DA:4,5
DA:7,1
DA:8,2
LF:5
LH:5
BRF:0
BRH:0
end_of_record
TN:
SF:src\shared\theme\theme.ts
FN:5,getStoredTheme
FN:11,setStoredTheme
FN:15,resolveTheme
FN:24,applyTheme
FNF:4
FNH:4
FNDA:2,getStoredTheme
FNDA:1,setStoredTheme
FNDA:4,resolveTheme
FNDA:2,applyTheme
DA:3,1
DA:5,1
DA:6,2
DA:7,2
DA:8,1
DA:11,1
DA:12,1
DA:15,1
DA:16,4
DA:17,0
DA:21,4
DA:24,1
DA:25,2
DA:26,2
LF:14
LH:13
BRDA:7,0,0,1
BRDA:7,1,0,2
BRDA:7,1,1,2
BRDA:7,1,2,1
BRDA:16,2,0,0
BRDA:17,3,0,0
BRDA:17,3,1,0
BRF:7
BRH:4
end_of_record
